<?xml version="1.0" encoding="UTF-8"?>
<testng-results skipped="0" failed="0" total="1" passed="1">
  <reporter-output>
  </reporter-output>
  <suite name="Suite" duration-ms="13926" started-at="2018-07-03T09:39:07Z" finished-at="2018-07-03T09:39:21Z">
    <groups>
    </groups>
    <test name="Test" duration-ms="13926" started-at="2018-07-03T09:39:07Z" finished-at="2018-07-03T09:39:21Z">
      <class name="testcases.TestcasesTest">
        <test-method status="PASS" signature="Launch()[pri:0, instance:testcases.TestcasesTest@11a9022]" name="Launch" duration-ms="13438" started-at="2018-07-03T15:09:08Z" finished-at="2018-07-03T15:09:21Z">
          <reporter-output>
          </reporter-output>
        </test-method> <!-- Launch -->
      </class> <!-- testcases.TestcasesTest -->
    </test> <!-- Test -->
  </suite> <!-- Suite -->
</testng-results>
